timestamp=2025-05-25T03:14:57+0530 level=INFO message=action=scoring.start page_id=1e77cf9e-26b8-8177-8b72-c7cff210e43e
timestamp=2025-05-25T03:15:03+0530 level=INFO message=action=content.fetched ddq_bytes=5871 calls_bytes=9641 freeform_bytes=1875
timestamp=2025-05-25T03:18:48+0530 level=INFO message=action=scoring.start page_id=1e77cf9e-26b8-8177-8b72-c7cff210e43e
timestamp=2025-05-25T03:18:52+0530 level=INFO message=action=content.fetched ddq_bytes=5871 calls_bytes=9641 freeform_bytes=1875
timestamp=2025-05-25T03:23:01+0530 level=INFO message=action=scoring.start page_id=1e77cf9e-26b8-8177-8b72-c7cff210e43e
timestamp=2025-05-25T03:23:07+0530 level=INFO message=action=content.fetched ddq_bytes=5871 calls_bytes=9641 freeform_bytes=1875
timestamp=2025-05-25T03:23:07+0530 level=INFO message=action=report.loaded.source=enhanced_file bytes=12776
timestamp=2025-05-25T03:24:17+0530 level=INFO message=action=scoring.done
timestamp=2025-05-25T03:24:17+0530 level=INFO message=action=score.saved path=reports/score_1e77cf9e-26b8-8177-8b72-c7cff210e43e.json
timestamp=2025-05-25T03:30:07+0530 level=INFO message=action=scoring.start page_id=1e77cf9e-26b8-8177-8b72-c7cff210e43e
timestamp=2025-05-25T03:30:15+0530 level=INFO message=action=content.fetched ddq_bytes=5871 calls_bytes=9641 freeform_bytes=1875
timestamp=2025-05-25T03:30:16+0530 level=INFO message=action=report.loaded.source=enhanced_file bytes=12776
timestamp=2025-05-25T03:34:38+0530 level=INFO message=action=scoring.start page_id=1e77cf9e-26b8-8177-8b72-c7cff210e43e
timestamp=2025-05-25T03:34:43+0530 level=INFO message=action=content.fetched ddq_bytes=5871 calls_bytes=9641 freeform_bytes=1875
timestamp=2025-05-25T03:34:48+0530 level=INFO message=action=report.loaded.source=enhanced_file bytes=12776
timestamp=2025-05-25T03:35:36+0530 level=INFO message=action=scoring.done
timestamp=2025-05-25T03:35:36+0530 level=INFO message=action=score.saved path=reports/score_1e77cf9e-26b8-8177-8b72-c7cff210e43e.json
timestamp=2025-05-25T03:41:21+0530 level=INFO message=action=scoring.start page_id=1e77cf9e-26b8-8177-8b72-c7cff210e43e
timestamp=2025-05-25T03:41:29+0530 level=INFO message=action=content.fetched ddq_bytes=5871 calls_bytes=9641 freeform_bytes=1875
timestamp=2025-05-25T03:41:29+0530 level=INFO message=action=report.loaded.source=enhanced_file bytes=12776
timestamp=2025-05-25T03:41:43+0530 level=INFO message=action=scoring.done
timestamp=2025-05-25T03:41:43+0530 level=INFO message=action=score.saved path=reports/score_1e77cf9e-26b8-8177-8b72-c7cff210e43e.json
timestamp=2025-05-25T03:46:13+0530 level=INFO message=action=scoring.start page_id=1e77cf9e-26b8-8177-8b72-c7cff210e43e
timestamp=2025-05-25T03:46:17+0530 level=INFO message=action=content.fetched ddq_bytes=5871 calls_bytes=9641 freeform_bytes=1875
timestamp=2025-05-25T03:46:18+0530 level=INFO message=action=report.loaded.source=enhanced_file bytes=12776
timestamp=2025-05-25T03:46:30+0530 level=INFO message=action=scoring.done
timestamp=2025-05-25T03:46:30+0530 level=INFO message=action=score.saved path=reports/score_1e77cf9e-26b8-8177-8b72-c7cff210e43e.json
timestamp=2025-05-25T04:37:50+0530 level=INFO message=action=scoring.start page_id=1eb7cf9e-26b8-81a3-b3ff-ca70731a64dd
timestamp=2025-05-25T04:38:01+0530 level=INFO message=action=content.fetched ddq_bytes=7066 calls_bytes=278 freeform_bytes=433
timestamp=2025-05-25T04:38:03+0530 level=INFO message=action=report.loaded.source=notion bytes=5807
timestamp=2025-05-25T04:38:35+0530 level=INFO message=action=scoring.done
timestamp=2025-05-25T04:38:35+0530 level=INFO message=action=score.saved path=reports/score_1eb7cf9e-26b8-81a3-b3ff-ca70731a64dd.json
